<?xml version="1.0" encoding="UTF-8"?>
<!-- Generated by org.testng.reporters.JUnitReportReporter -->
<testsuite hostname="DESKTOP-SPPT2CF" failures="0" tests="1" name="qasirTesting.NavigateOutletPage" time="144.266" errors="0" timestamp="2021-11-19T09:15:26 WIB" skipped="0">
  <testcase classname="qasirTesting.NavigateOutletPage" name="navigationToOutlet" time="144.266"/>
  <system-out/>
</testsuite> <!-- qasirTesting.NavigateOutletPage -->
