<?xml version="1.0" encoding="UTF-8"?>
<!-- Generated by org.testng.reporters.JUnitReportReporter -->
<testsuite hostname="DESKTOP-SPPT2CF" failures="0" tests="1" name="qasirTesting.NavigateFullTesting" time="188.639" errors="0" timestamp="2021-11-19T09:15:26 WIB" skipped="0">
  <testcase classname="qasirTesting.NavigateFullTesting" name="navigateToEnd2End" time="188.639"/>
  <system-out/>
</testsuite> <!-- qasirTesting.NavigateFullTesting -->
