<?xml version="1.0" encoding="UTF-8"?>
<!-- Generated by org.testng.reporters.JUnitReportReporter -->
<testsuite skipped="0" hostname="DESKTOP-SPPT2CF" name="qasirTesting.NavigateFullTesting" tests="1" failures="0" timestamp="2021-11-17T17:19:06 ICT" time="231.309" errors="0">
  <testcase name="navigateToEnd2End" time="231.309" classname="qasirTesting.NavigateFullTesting"/>
  <system-out/>
</testsuite> <!-- qasirTesting.NavigateFullTesting -->
