<?xml version="1.0" encoding="UTF-8"?>
<!-- Generated by org.testng.reporters.JUnitReportReporter -->
<testsuite skipped="0" hostname="DESKTOP-SPPT2CF" name="qasirTesting.NavigateLoginPage" tests="1" failures="0" timestamp="2021-11-17T17:19:06 ICT" time="81.938" errors="0">
  <testcase name="navigationToLogin" time="81.938" classname="qasirTesting.NavigateLoginPage"/>
  <system-out/>
</testsuite> <!-- qasirTesting.NavigateLoginPage -->
