<?xml version="1.0" encoding="UTF-8"?>
<!-- Generated by org.testng.reporters.JUnitReportReporter -->
<testsuite skipped="0" hostname="DESKTOP-SPPT2CF" name="qasirTesting.NavigateOutletPage" tests="1" failures="0" timestamp="2021-11-17T17:19:06 ICT" time="178.257" errors="0">
  <testcase name="navigationToOutlet" time="178.257" classname="qasirTesting.NavigateOutletPage"/>
  <system-out/>
</testsuite> <!-- qasirTesting.NavigateOutletPage -->
